time="2023-11-07T20:30:27+03:00" level=info msg="create router" func="main.main()" file="app.go:21"
time="2023-11-07T20:30:27+03:00" level=info msg="handler company registered" func="main.main()" file="app.go:34"
time="2023-11-07T20:30:27+03:00" level=info msg="handler employee registered" func="main.main()" file="app.go:34"
time="2023-11-07T20:30:27+03:00" level=info msg="handler letter registered" func="main.main()" file="app.go:34"
time="2023-11-07T20:30:27+03:00" level=info msg="handler project registered" func="main.main()" file="app.go:34"
time="2023-11-07T20:30:27+03:00" level=info msg="handler task registered" func="main.main()" file="app.go:34"
time="2023-11-07T20:30:27+03:00" level=info msg="start application" func="main.start()" file="app.go:42"
time="2023-11-07T20:30:27+03:00" level=info msg="server is listenning port 0.0.0.0:1234" func="main.start()" file="app.go:55"
time="2023-11-07T20:45:48+03:00" level=info msg="create router" func="main.main()" file="app.go:21"
time="2023-11-07T20:45:48+03:00" level=info msg="handler company registered" func="main.main()" file="app.go:34"
time="2023-11-07T20:45:48+03:00" level=info msg="handler employee registered" func="main.main()" file="app.go:34"
time="2023-11-07T20:45:48+03:00" level=info msg="handler letter registered" func="main.main()" file="app.go:34"
time="2023-11-07T20:45:48+03:00" level=info msg="handler project registered" func="main.main()" file="app.go:34"
time="2023-11-07T20:45:48+03:00" level=info msg="handler task registered" func="main.main()" file="app.go:34"
time="2023-11-07T20:45:48+03:00" level=info msg="start application" func="main.start()" file="app.go:42"
time="2023-11-07T20:45:48+03:00" level=info msg="server is listenning port 0.0.0.0:1234" func="main.start()" file="app.go:55"
time="2023-11-07T20:55:48+03:00" level=info msg="create router" func="main.main()" file="app.go:21"
time="2023-11-07T20:55:48+03:00" level=info msg="handler company registered" func="main.main()" file="app.go:34"
time="2023-11-07T20:55:48+03:00" level=info msg="handler employee registered" func="main.main()" file="app.go:34"
time="2023-11-07T20:55:48+03:00" level=info msg="handler letter registered" func="main.main()" file="app.go:34"
time="2023-11-07T20:55:48+03:00" level=info msg="handler project registered" func="main.main()" file="app.go:34"
time="2023-11-07T20:55:48+03:00" level=info msg="handler task registered" func="main.main()" file="app.go:34"
time="2023-11-07T20:55:48+03:00" level=info msg="start application" func="main.start()" file="app.go:42"
time="2023-11-07T20:55:48+03:00" level=info msg="server is listenning port 0.0.0.0:1234" func="main.start()" file="app.go:55"
time="2023-11-07T20:58:50+03:00" level=info msg="create router" func="main.main()" file="app.go:21"
time="2023-11-07T20:58:50+03:00" level=info msg="handler company registered" func="main.main()" file="app.go:34"
time="2023-11-07T20:58:50+03:00" level=info msg="handler employee registered" func="main.main()" file="app.go:34"
time="2023-11-07T20:58:50+03:00" level=info msg="handler letter registered" func="main.main()" file="app.go:34"
time="2023-11-07T20:58:50+03:00" level=info msg="handler project registered" func="main.main()" file="app.go:34"
time="2023-11-07T20:58:50+03:00" level=info msg="handler task registered" func="main.main()" file="app.go:34"
time="2023-11-07T20:58:50+03:00" level=info msg="start application" func="main.start()" file="app.go:42"
time="2023-11-07T20:58:50+03:00" level=info msg="server is listenning port 0.0.0.0:1234" func="main.start()" file="app.go:55"
time="2023-11-08T17:13:29+03:00" level=info msg="create router" func="main.main()" file="app.go:26"
time="2023-11-08T17:13:29+03:00" level=info msg="read application configuration" func="CRMka/internal/config.GetConfig.func1()" file="config.go:24"
time="2023-11-08T17:13:29+03:00" level=info msg="handler company registered" func="main.main()" file="app.go:41"
time="2023-11-08T17:13:29+03:00" level=info msg="handler employee registered" func="main.main()" file="app.go:41"
time="2023-11-08T17:13:29+03:00" level=info msg="handler letter registered" func="main.main()" file="app.go:41"
time="2023-11-08T17:13:29+03:00" level=info msg="handler project registered" func="main.main()" file="app.go:41"
time="2023-11-08T17:13:29+03:00" level=info msg="handler task registered" func="main.main()" file="app.go:41"
time="2023-11-08T17:13:29+03:00" level=info msg="start application" func="main.start()" file="app.go:49"
time="2023-11-08T17:13:29+03:00" level=info msg="listen tcp" func="main.start()" file="app.go:65"
time="2023-11-08T17:13:29+03:00" level=info msg="server is listening port 0.0.0.0:10000" func="main.start()" file="app.go:79"
time="2023-11-08T19:20:33+03:00" level=info msg="create router" func="main.main()" file="app.go:26"
time="2023-11-08T19:20:33+03:00" level=info msg="read application configuration" func="CRMka/internal/config.GetConfig.func1()" file="config.go:24"
time="2023-11-08T19:20:33+03:00" level=info msg="handler company registered" func="main.main()" file="app.go:41"
time="2023-11-08T19:20:33+03:00" level=info msg="handler employee registered" func="main.main()" file="app.go:41"
time="2023-11-08T19:20:33+03:00" level=info msg="handler letter registered" func="main.main()" file="app.go:41"
time="2023-11-08T19:20:33+03:00" level=info msg="handler project registered" func="main.main()" file="app.go:41"
time="2023-11-08T19:20:33+03:00" level=info msg="handler task registered" func="main.main()" file="app.go:41"
time="2023-11-08T19:20:33+03:00" level=info msg="start application" func="main.start()" file="app.go:49"
time="2023-11-08T19:20:33+03:00" level=info msg="create socket" func="main.start()" file="app.go:58"
time="2023-11-08T19:20:33+03:00" level=debug msg="socket path: C:\\Users\\Lapdob\\AppData\\Local\\Temp\\go-build2178467695\\b001\\exe/app.sock" func="main.start()" file="app.go:60"
time="2023-11-08T19:20:33+03:00" level=info msg="listen unix socket" func="main.start()" file="app.go:62"
time="2023-11-08T19:20:33+03:00" level=info msg="server is listening port :" func="main.start()" file="app.go:79"
time="2023-11-08T19:27:40+03:00" level=info msg="create router" func="main.main()" file="app.go:26"
time="2023-11-08T19:27:40+03:00" level=info msg="read application configuration" func="CRMka/internal/config.GetConfig.func1()" file="config.go:24"
time="2023-11-08T19:27:40+03:00" level=info msg="handler company registered" func="main.main()" file="app.go:41"
time="2023-11-08T19:27:40+03:00" level=info msg="handler employee registered" func="main.main()" file="app.go:41"
time="2023-11-08T19:27:40+03:00" level=info msg="handler letter registered" func="main.main()" file="app.go:41"
time="2023-11-08T19:27:40+03:00" level=info msg="handler project registered" func="main.main()" file="app.go:41"
time="2023-11-08T19:27:40+03:00" level=info msg="handler task registered" func="main.main()" file="app.go:41"
time="2023-11-08T19:27:40+03:00" level=info msg="start application" func="main.start()" file="app.go:49"
time="2023-11-08T19:27:40+03:00" level=info msg="detect app path" func="main.start()" file="app.go:54"
time="2023-11-08T19:27:40+03:00" level=info msg="create socket" func="main.start()" file="app.go:59"
time="2023-11-08T19:27:40+03:00" level=debug msg="socket path: C:\\Users\\Lapdob\\AppData\\Local\\Temp\\go-build164414806\\b001\\exe/app.sock" func="main.start()" file="app.go:61"
time="2023-11-08T19:27:40+03:00" level=info msg="listen unix socket" func="main.start()" file="app.go:63"
time="2023-11-08T19:27:40+03:00" level=info msg="server is listening unix socket: C:\\Users\\Lapdob\\AppData\\Local\\Temp\\go-build164414806\\b001\\exe/app.sock" func="main.start()" file="app.go:65"
time="2023-11-08T19:32:40+03:00" level=info msg="create router" func="main.main()" file="app.go:26"
time="2023-11-08T19:32:40+03:00" level=info msg="read application configuration" func="CRMka/internal/config.GetConfig.func1()" file="config.go:24"
time="2023-11-08T19:32:40+03:00" level=info msg="handler company registered" func="main.main()" file="app.go:41"
time="2023-11-08T19:32:40+03:00" level=info msg="handler employee registered" func="main.main()" file="app.go:41"
time="2023-11-08T19:32:40+03:00" level=info msg="handler letter registered" func="main.main()" file="app.go:41"
time="2023-11-08T19:32:40+03:00" level=info msg="handler project registered" func="main.main()" file="app.go:41"
time="2023-11-08T19:32:40+03:00" level=info msg="handler task registered" func="main.main()" file="app.go:41"
time="2023-11-08T19:32:40+03:00" level=info msg="start application" func="main.start()" file="app.go:49"
time="2023-11-08T19:32:40+03:00" level=info msg="detect app path" func="main.start()" file="app.go:54"
time="2023-11-08T19:32:40+03:00" level=info msg="create socket" func="main.start()" file="app.go:59"
time="2023-11-08T19:32:40+03:00" level=debug msg="socket path: C:\\My_files\\Dev\\CRMka\\build/app.sock" func="main.start()" file="app.go:61"
time="2023-11-08T19:32:40+03:00" level=info msg="listen unix socket" func="main.start()" file="app.go:63"
time="2023-11-08T19:32:40+03:00" level=info msg="server is listening unix socket: C:\\My_files\\Dev\\CRMka\\build/app.sock" func="main.start()" file="app.go:65"
